<?xml version="1.0" encoding="UTF-8"?>
<testng-results ignored="0" total="1" passed="1" failed="0" skipped="0">
  <reporter-output>
  </reporter-output>
  <suite started-at="2020-08-16T10:19:34 IST" name="Surefire suite" finished-at="2020-08-16T10:20:06 IST" duration-ms="32656">
    <groups>
    </groups>
    <test started-at="2020-08-16T10:19:34 IST" name="Surefire test" finished-at="2020-08-16T10:20:06 IST" duration-ms="32656">
      <class name="com.Test.frontPageTest">
        <test-method is-config="true" signature="setup()[pri:0, instance:com.Test.frontPageTest@30c15d8b]" started-at="2020-08-16T10:19:34 IST" name="setup" finished-at="2020-08-16T10:19:49 IST" duration-ms="14869" status="PASS">
          <reporter-output>
          </reporter-output>
        </test-method> <!-- setup -->
        <test-method signature="gmailLinkTest()[pri:0, instance:com.Test.frontPageTest@30c15d8b]" started-at="2020-08-16T10:19:49 IST" name="gmailLinkTest" finished-at="2020-08-16T10:20:06 IST" duration-ms="17090" status="PASS">
          <reporter-output>
          </reporter-output>
        </test-method> <!-- gmailLinkTest -->
        <test-method is-config="true" signature="tearDown()[pri:0, instance:com.Test.frontPageTest@30c15d8b]" started-at="2020-08-16T10:20:06 IST" name="tearDown" finished-at="2020-08-16T10:20:06 IST" duration-ms="660" status="PASS">
          <reporter-output>
          </reporter-output>
        </test-method> <!-- tearDown -->
      </class> <!-- com.Test.frontPageTest -->
    </test> <!-- Surefire test -->
  </suite> <!-- Surefire suite -->
</testng-results>
