<?xml version="1.0" encoding="UTF-8"?>
<testng-results ignored="0" total="1" passed="1" failed="0" skipped="0">
  <reporter-output>
  </reporter-output>
  <suite started-at="2020-08-15T13:03:11Z" name="Default suite" finished-at="2020-08-15T13:03:34Z" duration-ms="22476">
    <groups>
    </groups>
    <test started-at="2020-08-15T13:03:11Z" name="Default test" finished-at="2020-08-15T13:03:34Z" duration-ms="22476">
      <class name="com.Test.frontPageTest">
        <test-method is-config="true" signature="setup()[pri:0, instance:com.Test.frontPageTest@75db5df9]" started-at="2020-08-15T18:33:11Z" name="setup" finished-at="2020-08-15T18:33:20Z" duration-ms="8962" status="PASS">
          <reporter-output>
          </reporter-output>
        </test-method> <!-- setup -->
        <test-method signature="gmailLinkTest()[pri:0, instance:com.Test.frontPageTest@75db5df9]" started-at="2020-08-15T18:33:20Z" name="gmailLinkTest" finished-at="2020-08-15T18:33:33Z" duration-ms="12815" status="PASS">
          <reporter-output>
          </reporter-output>
        </test-method> <!-- gmailLinkTest -->
        <test-method is-config="true" signature="tearDown()[pri:0, instance:com.Test.frontPageTest@75db5df9]" started-at="2020-08-15T18:33:33Z" name="tearDown" finished-at="2020-08-15T18:33:34Z" duration-ms="678" status="PASS">
          <reporter-output>
          </reporter-output>
        </test-method> <!-- tearDown -->
      </class> <!-- com.Test.frontPageTest -->
    </test> <!-- Default test -->
  </suite> <!-- Default suite -->
</testng-results>
